<?xml version="1.0" encoding="UTF-8"?>
<!-- Generated by org.testng.reporters.JUnitXMLReporter -->
<testsuite ignored="0" hostname="L-6782" failures="1" tests="4" name="Test" time="60.391" errors="0" timestamp="2020-07-15T19:17:17 IST">
  <testcase classname="E2Eprojects.Homepage" name="basepagenavigation" time="11.572"/>
  <testcase classname="E2Eprojects.Homepage" name="basepagenavigation" time="7.921"/>
  <testcase classname="E2Eprojects.Validatenavigationbar" name="basepagenavigation" time="0.267"/>
  <testcase classname="E2Eprojects.ValidateHomepage" name="basepagenavigation" time="0.159">
    <failure type="java.lang.AssertionError" message="expected [FEATURED COURSES123] but found [FEATURED COURSES]">
      <![CDATA[java.lang.AssertionError: expected [FEATURED COURSES123] but found [FEATURED COURSES]
at E2Eprojects.ValidateHomepage.basepagenavigation(ValidateHomepage.java:37)
at java.base/java.util.ArrayList.forEach(ArrayList.java:1507)
... Removed 32 stack frames]]>
    </failure>
  </testcase> <!-- basepagenavigation -->
</testsuite> <!-- Test -->
